platforms/android/manifest-merger-amazonarmv7-release-report.txt
-- Merging decision tree log ---
manifest
ADDED from AndroidManifest.xml:2:1
	android:hardwareAccelerated
		ADDED from AndroidManifest.xml:2:11
	xmlns:android
		ADDED from AndroidManifest.xml:2:128
	package
		ADDED from AndroidManifest.xml:2:103
	android:versionName
		ADDED from AndroidManifest.xml:2:74
	android:versionCode
		ADDED from AndroidManifest.xml:2:46
		INJECTED from AndroidManifest.xml:0:0
		INJECTED from AndroidManifest.xml:0:0
supports-screens
ADDED from AndroidManifest.xml:3:5
	android:resizeable
		ADDED from AndroidManifest.xml:3:106
	android:largeScreens
		ADDED from AndroidManifest.xml:3:49
	android:anyDensity
		ADDED from AndroidManifest.xml:3:23
	android:normalScreens
		ADDED from AndroidManifest.xml:3:77
	android:xlargeScreens
		ADDED from AndroidManifest.xml:3:160
	android:smallScreens
		ADDED from AndroidManifest.xml:3:132
uses-permission#android.permission.INTERNET
ADDED from AndroidManifest.xml:4:5
	android:name
		ADDED from AndroidManifest.xml:4:22
uses-permission#android.permission.ACCESS_NETWORK_STATE
ADDED from AndroidManifest.xml:5:5
	android:name
		ADDED from AndroidManifest.xml:5:22
uses-permission#android.permission.ACCESS_WIFI_STATE
ADDED from AndroidManifest.xml:6:5
MERGED from com.connectsdk:connect-sdk-android:1.6.0:11:5
	android:name
		ADDED from AndroidManifest.xml:6:22
uses-permission#android.permission.READ_PHONE_STATE
ADDED from AndroidManifest.xml:7:5
	android:name
		ADDED from AndroidManifest.xml:7:22
uses-permission#android.permission.CHANGE_WIFI_MULTICAST_STATE
ADDED from AndroidManifest.xml:8:5
MERGED from com.connectsdk:connect-sdk-android:1.6.0:12:5
	android:name
		ADDED from AndroidManifest.xml:8:22
uses-permission#android.permission.READ_EXTERNAL_STORAGE
ADDED from AndroidManifest.xml:9:5
	android:name
		ADDED from AndroidManifest.xml:9:22
uses-permission#android.permission.WAKE_LOCK
ADDED from AndroidManifest.xml:10:5
	android:name
		ADDED from AndroidManifest.xml:10:22
uses-permission#android.permission.READ_SYNC_STATS
ADDED from AndroidManifest.xml:11:5
	android:name
		ADDED from AndroidManifest.xml:11:22
uses-permission#android.permission.WRITE_SYNC_SETTINGS
ADDED from AndroidManifest.xml:12:5
	android:name
		ADDED from AndroidManifest.xml:12:22
uses-permission#android.permission.AUTHENTICATE_ACCOUNTS
ADDED from AndroidManifest.xml:13:5
	android:name
		ADDED from AndroidManifest.xml:13:22
uses-permission#android.permission.MEDIA_CONTENT_CONTROL
ADDED from AndroidManifest.xml:14:5
	android:name
		ADDED from AndroidManifest.xml:14:22
application
ADDED from AndroidManifest.xml:15:5
MERGED from :emby.amazoniap::11:5
MERGED from com.connectsdk:connect-sdk-android:1.6.0:14:5
MERGED from com.google.android.gms:play-services-cast:7.8.0:19:5
MERGED from com.google.android.gms:play-services-base:7.8.0:20:5
MERGED from com.android.support:support-v4:23.1.0:22:5
MERGED from com.android.support:mediarouter-v7:22.2.1:22:5
MERGED from com.android.support:appcompat-v7:22.2.1:22:5
MERGED from com.android.support:support-v4:23.1.0:22:5
MERGED from com.android.support:appcompat-v7:22.2.1:22:5
MERGED from com.android.support:support-v4:23.1.0:22:5
MERGED from com.android.support:support-v4:23.1.0:22:5
MERGED from com.android.support:mediarouter-v7:22.2.1:22:5
MERGED from com.android.support:appcompat-v7:22.2.1:22:5
MERGED from com.android.support:support-v4:23.1.0:22:5
MERGED from com.android.support:support-v4:23.1.0:22:5
MERGED from net.rdrei.android.dirchooser:library:3.0:9:5
	android:allowBackup
		ADDED from :emby.amazoniap::12:9
	android:supportsRtl
		ADDED from AndroidManifest.xml:15:201
	android:label
		ADDED from AndroidManifest.xml:15:83
	android:icon
		ADDED from AndroidManifest.xml:15:53
	android:theme
		ADDED from net.rdrei.android.dirchooser:library:3.0:9:18
	android:hardwareAccelerated
		ADDED from AndroidManifest.xml:15:18
	android:largeHeap
		ADDED from AndroidManifest.xml:15:116
	android:name
		ADDED from AndroidManifest.xml:15:141
activity#com.mb.android.MainActivity
ADDED from AndroidManifest.xml:16:9
	android:windowSoftInputMode
		ADDED from AndroidManifest.xml:16:248
	android:label
		ADDED from AndroidManifest.xml:16:97
	android:configChanges
		ADDED from AndroidManifest.xml:16:19
	android:theme
		ADDED from AndroidManifest.xml:16:194
	android:name
		ADDED from AndroidManifest.xml:16:166
	android:launchMode
		ADDED from AndroidManifest.xml:16:135
intent-filter#android.intent.action.MAIN+android.intent.category.LAUNCHER
ADDED from AndroidManifest.xml:17:13
	android:label
		ADDED from AndroidManifest.xml:17:28
action#android.intent.action.MAIN
ADDED from AndroidManifest.xml:18:17
	android:name
		ADDED from AndroidManifest.xml:18:25
category#android.intent.category.LAUNCHER
ADDED from AndroidManifest.xml:19:17
	android:name
		ADDED from AndroidManifest.xml:19:27
activity#com.mb.android.media.VideoPlayerActivity
ADDED from AndroidManifest.xml:22:9
	android:configChanges
		ADDED from AndroidManifest.xml:22:19
	android:theme
		ADDED from AndroidManifest.xml:22:108
	android:name
		ADDED from AndroidManifest.xml:22:66
activity#com.mb.android.media.PlaybackServiceActivity
ADDED from AndroidManifest.xml:24:9
	android:configChanges
		ADDED from AndroidManifest.xml:24:19
	android:theme
		ADDED from AndroidManifest.xml:24:112
	android:name
		ADDED from AndroidManifest.xml:24:66
activity#net.rdrei.android.dirchooser.DirectoryChooserActivity
ADDED from AndroidManifest.xml:26:9
	android:name
		ADDED from AndroidManifest.xml:26:19
provider#mediabrowser.apiinteraction.android.sync.MediaContentProvider
ADDED from AndroidManifest.xml:27:9
	android:syncable
		ADDED from AndroidManifest.xml:27:154
	android:exported
		ADDED from AndroidManifest.xml:27:52
	android:authorities
		ADDED from AndroidManifest.xml:27:19
	android:name
		ADDED from AndroidManifest.xml:27:77
service#mediabrowser.apiinteraction.android.sync.MediaSyncService
ADDED from AndroidManifest.xml:28:9
	android:exported
		ADDED from AndroidManifest.xml:28:18
	android:name
		ADDED from AndroidManifest.xml:28:42
intent-filter#android.content.SyncAdapter
ADDED from AndroidManifest.xml:29:13
action#android.content.SyncAdapter
ADDED from AndroidManifest.xml:30:17
	android:name
		ADDED from AndroidManifest.xml:30:25
meta-data#android.content.SyncAdapter
ADDED from AndroidManifest.xml:32:13
	android:resource
		ADDED from AndroidManifest.xml:32:67
	android:name
		ADDED from AndroidManifest.xml:32:24
service#mediabrowser.apiinteraction.android.sync.AuthenticatorService
ADDED from AndroidManifest.xml:34:9
	android:name
		ADDED from AndroidManifest.xml:34:18
intent-filter#android.accounts.AccountAuthenticator
ADDED from AndroidManifest.xml:35:13
action#android.accounts.AccountAuthenticator
ADDED from AndroidManifest.xml:36:17
	android:name
		ADDED from AndroidManifest.xml:36:25
meta-data#android.accounts.AccountAuthenticator
ADDED from AndroidManifest.xml:38:13
	android:resource
		ADDED from AndroidManifest.xml:38:77
	android:name
		ADDED from AndroidManifest.xml:38:24
service#com.mb.android.media.RemotePlayerService
ADDED from AndroidManifest.xml:40:9
	android:name
		ADDED from AndroidManifest.xml:40:18
service#com.mb.android.media.legacy.KitKatMediaService
ADDED from AndroidManifest.xml:41:9
	android:name
		ADDED from AndroidManifest.xml:41:18
service#com.mb.android.media.PlaybackService
ADDED from AndroidManifest.xml:42:9
	android:name
		ADDED from AndroidManifest.xml:42:18
service#com.mb.android.media.MediaService
ADDED from AndroidManifest.xml:43:9
	android:name
		ADDED from AndroidManifest.xml:43:18
receiver#com.mb.android.media.legacy.RemoteControlClientReceiver
ADDED from AndroidManifest.xml:44:9
	android:name
		ADDED from AndroidManifest.xml:44:19
intent-filter#android.intent.action.MEDIA_BUTTON
ADDED from AndroidManifest.xml:45:13
action#android.intent.action.MEDIA_BUTTON
ADDED from AndroidManifest.xml:46:17
	android:name
		ADDED from AndroidManifest.xml:46:25
meta-data#com.google.android.gms.version
ADDED from AndroidManifest.xml:49:9
MERGED from com.google.android.gms:play-services-base:7.8.0:21:9
	android:name
		ADDED from AndroidManifest.xml:49:20
	android:value
		ADDED from AndroidManifest.xml:49:66
uses-sdk
ADDED from AndroidManifest.xml:51:5
MERGED from com.android.support:multidex:1.0.0:18:5
MERGED from :emby.amazoniap::7:5
MERGED from com.connectsdk:connect-sdk-android:1.6.0:7:5
MERGED from com.google.android.gms:play-services-cast:7.8.0:18:5
MERGED from com.google.android.gms:play-services-base:7.8.0:18:5
MERGED from com.android.support:support-v4:23.1.0:20:5
MERGED from com.android.support:mediarouter-v7:22.2.1:20:5
MERGED from com.android.support:appcompat-v7:22.2.1:20:5
MERGED from com.android.support:support-v4:23.1.0:20:5
MERGED from com.android.support:appcompat-v7:22.2.1:20:5
MERGED from com.android.support:support-v4:23.1.0:20:5
MERGED from com.android.support:support-v4:23.1.0:20:5
MERGED from com.android.support:mediarouter-v7:22.2.1:20:5
MERGED from com.android.support:appcompat-v7:22.2.1:20:5
MERGED from com.android.support:support-v4:23.1.0:20:5
MERGED from com.android.support:support-v4:23.1.0:20:5
MERGED from net.rdrei.android.dirchooser:library:3.0:5:5
MERGED from org.xwalk:xwalk_core_library:15.44.384.13:6:5
MERGED from android:CordovaLib:unspecified:release:25:5
	android:targetSdkVersion
		ADDED from AndroidManifest.xml:51:42
	android:minSdkVersion
		ADDED from AndroidManifest.xml:51:15
		INJECTED from AndroidManifest.xml:0:0
		INJECTED from AndroidManifest.xml:0:0
uses-permission#android.permission.RECORD_AUDIO
ADDED from AndroidManifest.xml:52:5
	android:name
		ADDED from AndroidManifest.xml:52:22
uses-permission#com.android.vending.BILLING
ADDED from AndroidManifest.xml:53:5
	android:name
		ADDED from AndroidManifest.xml:53:22
uses-permission#android.permission.WRITE_EXTERNAL_STORAGE
ADDED from AndroidManifest.xml:54:5
	android:name
		ADDED from AndroidManifest.xml:54:22
meta-data#string
ADDED from net.rdrei.android.dirchooser:library:3.0:10:9
	android:name
		ADDED from net.rdrei.android.dirchooser:library:3.0:11:13
	android:value
		ADDED from net.rdrei.android.dirchooser:library:3.0:12:13